
> anime-tracker-backend@1.0.0 dev
> node --watch server.js

node:events:486
      throw er; // Unhandled 'error' event
      ^

Error: listen EADDRINUSE: address already in use :::5000
    at Server.setupListenHandle [as _listen2] (node:net:1940:16)
    at listenInCluster (node:net:1997:12)
    at Server.listen (node:net:2102:7)
    at app.listen (/Users/jeffthanduru/Code/dev/phase-3/anime-collection-tracker/final-project-phase3/fresh-rebuild/backend/node_modules/express/lib/application.js:635:24)
    at Object.<anonymous> (/Users/jeffthanduru/Code/dev/phase-3/anime-collection-tracker/final-project-phase3/fresh-rebuild/backend/server.js:28:5)
    at Module._compile (node:internal/modules/cjs/loader:1760:14)
    at Object..js (node:internal/modules/cjs/loader:1892:10)
    at Module.load (node:internal/modules/cjs/loader:1480:32)
    at Module._load (node:internal/modules/cjs/loader:1299:12)
    at TracingChannel.traceSync (node:diagnostics_channel:328:14)
Emitted 'error' event on Server instance at:
    at emitErrorNT (node:net:1976:8)
    at process.processTicksAndRejections (node:internal/process/task_queues:89:21) {
  code: 'EADDRINUSE',
  errno: -48,
  syscall: 'listen',
  address: '::',
  port: 5000
}

Node.js v25.2.1
Failed running 'server.js'. Waiting for file changes before restarting...
